{"/Users/brisklad/dev/astrum/mcp-servers/mcp-server-serper/src/index.ts": {"path":"/Users/brisklad/dev/astrum/mcp-servers/mcp-server-serper/src/index.ts","statementMap":{"0":{"start":{"line":20,"column":21},"end":{"line":20,"column":47}},"1":{"start":{"line":21,"column":0},"end":{"line":23,"column":1}},"2":{"start":{"line":22,"column":2},"end":{"line":22,"column":69}},"3":{"start":{"line":26,"column":21},"end":{"line":26,"column":51}},"4":{"start":{"line":27,"column":20},"end":{"line":27,"column":55}},"5":{"start":{"line":28,"column":16},"end":{"line":28,"column":46}},"6":{"start":{"line":31,"column":15},"end":{"line":41,"column":null}},"7":{"start":{"line":48,"column":0},"end":{"line":165,"column":3}},"8":{"start":{"line":50,"column":28},"end":{"line":132,"column":4}},"9":{"start":{"line":135,"column":2},"end":{"line":164,"column":4}},"10":{"start":{"line":171,"column":0},"end":{"line":261,"column":3}},"11":{"start":{"line":172,"column":2},"end":{"line":260,"column":3}},"12":{"start":{"line":195,"column":10},"end":{"line":195,"column":40}},"13":{"start":{"line":197,"column":6},"end":{"line":201,"column":7}},"14":{"start":{"line":198,"column":8},"end":{"line":200,"column":10}},"15":{"start":{"line":204,"column":21},"end":{"line":204,"column":31}},"16":{"start":{"line":205,"column":23},"end":{"line":205,"column":33}},"17":{"start":{"line":207,"column":6},"end":{"line":240,"column":7}},"18":{"start":{"line":208,"column":23},"end":{"line":229,"column":10}},"19":{"start":{"line":230,"column":8},"end":{"line":237,"column":10}},"20":{"start":{"line":239,"column":8},"end":{"line":239,"column":51}},"21":{"start":{"line":244,"column":18},"end":{"line":244,"column":57}},"22":{"start":{"line":245,"column":30},"end":{"line":246,"column":36}},"23":{"start":{"line":247,"column":21},"end":{"line":247,"column":71}},"24":{"start":{"line":248,"column":6},"end":{"line":255,"column":8}},"25":{"start":{"line":259,"column":6},"end":{"line":259,"column":38}},"26":{"start":{"line":264,"column":0},"end":{"line":266,"column":3}},"27":{"start":{"line":265,"column":2},"end":{"line":265,"column":31}},"28":{"start":{"line":269,"column":0},"end":{"line":271,"column":3}},"29":{"start":{"line":270,"column":2},"end":{"line":270,"column":80}},"30":{"start":{"line":277,"column":20},"end":{"line":277,"column":46}},"31":{"start":{"line":278,"column":2},"end":{"line":278,"column":34}},"32":{"start":{"line":281,"column":0},"end":{"line":284,"column":3}},"33":{"start":{"line":282,"column":2},"end":{"line":282,"column":40}},"34":{"start":{"line":283,"column":2},"end":{"line":283,"column":18}}},"fnMap":{"0":{"name":"(anonymous_0)","decl":{"start":{"line":48,"column":49},"end":{"line":48,"column":54}},"loc":{"start":{"line":48,"column":60},"end":{"line":165,"column":1}}},"1":{"name":"(anonymous_1)","decl":{"start":{"line":171,"column":48},"end":{"line":171,"column":53}},"loc":{"start":{"line":171,"column":66},"end":{"line":261,"column":1}}},"2":{"name":"(anonymous_2)","decl":{"start":{"line":264,"column":51},"end":{"line":264,"column":56}},"loc":{"start":{"line":264,"column":62},"end":{"line":266,"column":1}}},"3":{"name":"(anonymous_3)","decl":{"start":{"line":269,"column":49},"end":{"line":269,"column":54}},"loc":{"start":{"line":269,"column":67},"end":{"line":271,"column":1}}},"4":{"name":"main","decl":{"start":{"line":276,"column":15},"end":{"line":276,"column":19}},"loc":{"start":{"line":276,"column":19},"end":{"line":279,"column":1}}},"5":{"name":"(anonymous_5)","decl":{"start":{"line":281,"column":13},"end":{"line":281,"column":14}},"loc":{"start":{"line":281,"column":23},"end":{"line":284,"column":1}}}},"branchMap":{"0":{"loc":{"start":{"line":21,"column":0},"end":{"line":23,"column":1}},"type":"if","locations":[{"start":{"line":21,"column":0},"end":{"line":23,"column":1}}]},"1":{"loc":{"start":{"line":172,"column":2},"end":{"line":260,"column":3}},"type":"switch","locations":[{"start":{"line":173,"column":4},"end":{"line":241,"column":5}},{"start":{"line":243,"column":4},"end":{"line":256,"column":5}},{"start":{"line":258,"column":4},"end":{"line":259,"column":38}}]},"2":{"loc":{"start":{"line":195,"column":10},"end":{"line":195,"column":40}},"type":"binary-expr","locations":[{"start":{"line":195,"column":10},"end":{"line":195,"column":34}},{"start":{"line":195,"column":38},"end":{"line":195,"column":40}}]},"3":{"loc":{"start":{"line":197,"column":6},"end":{"line":201,"column":7}},"type":"if","locations":[{"start":{"line":197,"column":6},"end":{"line":201,"column":7}}]},"4":{"loc":{"start":{"line":204,"column":21},"end":{"line":204,"column":31}},"type":"binary-expr","locations":[{"start":{"line":204,"column":21},"end":{"line":204,"column":23}},{"start":{"line":204,"column":27},"end":{"line":204,"column":31}}]},"5":{"loc":{"start":{"line":205,"column":23},"end":{"line":205,"column":33}},"type":"binary-expr","locations":[{"start":{"line":205,"column":23},"end":{"line":205,"column":25}},{"start":{"line":205,"column":29},"end":{"line":205,"column":33}}]},"6":{"loc":{"start":{"line":270,"column":48},"end":{"line":270,"column":78}},"type":"binary-expr","locations":[{"start":{"line":270,"column":48},"end":{"line":270,"column":72}},{"start":{"line":270,"column":76},"end":{"line":270,"column":78}}]}},"s":{"0":0,"1":0,"2":0,"3":0,"4":0,"5":0,"6":0,"7":0,"8":0,"9":0,"10":0,"11":0,"12":0,"13":0,"14":0,"15":0,"16":0,"17":0,"18":0,"19":0,"20":0,"21":0,"22":0,"23":0,"24":0,"25":0,"26":0,"27":0,"28":0,"29":0,"30":0,"31":0,"32":0,"33":0,"34":0},"f":{"0":0,"1":0,"2":0,"3":0,"4":0,"5":0},"b":{"0":[0],"1":[0,0,0],"2":[0,0],"3":[0],"4":[0,0],"5":[0,0],"6":[0,0]}}
,"/Users/brisklad/dev/astrum/mcp-servers/mcp-server-serper/src/prompts/google-operators-guide.ts": {"path":"/Users/brisklad/dev/astrum/mcp-servers/mcp-server-serper/src/prompts/google-operators-guide.ts","statementMap":{"0":{"start":{"line":1,"column":38},"end":{"line":193,"column":2}},"1":{"start":{"line":195,"column":37},"end":{"line":252,"column":2}},"2":{"start":{"line":254,"column":38},"end":{"line":280,"column":2}}},"fnMap":{},"branchMap":{},"s":{"0":0,"1":0,"2":0},"f":{},"b":{}}
,"/Users/brisklad/dev/astrum/mcp-servers/mcp-server-serper/src/prompts/index.ts": {"path":"/Users/brisklad/dev/astrum/mcp-servers/mcp-server-serper/src/prompts/index.ts","statementMap":{"0":{"start":{"line":17,"column":40},"end":{"line":118,"column":2}},"1":{"start":{"line":121,"column":22},"end":{"line":121,"column":52}},"2":{"start":{"line":124,"column":4},"end":{"line":126,"column":6}},"3":{"start":{"line":130,"column":19},"end":{"line":130,"column":32}},"4":{"start":{"line":131,"column":4},"end":{"line":133,"column":5}},"5":{"start":{"line":132,"column":6},"end":{"line":132,"column":51}},"6":{"start":{"line":135,"column":4},"end":{"line":152,"column":5}},"7":{"start":{"line":137,"column":8},"end":{"line":137,"column":49}},"8":{"start":{"line":139,"column":8},"end":{"line":139,"column":47}},"9":{"start":{"line":141,"column":8},"end":{"line":141,"column":49}},"10":{"start":{"line":143,"column":8},"end":{"line":143,"column":50}},"11":{"start":{"line":145,"column":8},"end":{"line":145,"column":45}},"12":{"start":{"line":147,"column":8},"end":{"line":147,"column":48}},"13":{"start":{"line":149,"column":8},"end":{"line":149,"column":51}},"14":{"start":{"line":151,"column":8},"end":{"line":151,"column":59}},"15":{"start":{"line":156,"column":4},"end":{"line":166,"column":6}},"16":{"start":{"line":170,"column":56},"end":{"line":170,"column":60}},"17":{"start":{"line":172,"column":19},"end":{"line":172,"column":21}},"18":{"start":{"line":173,"column":4},"end":{"line":175,"column":5}},"19":{"start":{"line":174,"column":6},"end":{"line":174,"column":149}},"20":{"start":{"line":177,"column":4},"end":{"line":187,"column":6}},"21":{"start":{"line":191,"column":57},"end":{"line":191,"column":61}},"22":{"start":{"line":192,"column":27},"end":{"line":194,"column":10}},"23":{"start":{"line":195,"column":22},"end":{"line":197,"column":52}},"24":{"start":{"line":199,"column":4},"end":{"line":209,"column":6}},"25":{"start":{"line":213,"column":39},"end":{"line":213,"column":43}},"26":{"start":{"line":214,"column":4},"end":{"line":224,"column":6}},"27":{"start":{"line":228,"column":46},"end":{"line":228,"column":50}},"28":{"start":{"line":229,"column":18},"end":{"line":231,"column":66}},"29":{"start":{"line":233,"column":4},"end":{"line":243,"column":6}},"30":{"start":{"line":247,"column":60},"end":{"line":247,"column":64}},"31":{"start":{"line":248,"column":23},"end":{"line":248,"column":82}},"32":{"start":{"line":249,"column":29},"end":{"line":251,"column":70}},"33":{"start":{"line":253,"column":4},"end":{"line":263,"column":6}},"34":{"start":{"line":267,"column":61},"end":{"line":267,"column":65}},"35":{"start":{"line":268,"column":24},"end":{"line":270,"column":10}},"36":{"start":{"line":271,"column":25},"end":{"line":273,"column":10}},"37":{"start":{"line":275,"column":4},"end":{"line":285,"column":6}}},"fnMap":{"0":{"name":"(anonymous_0)","decl":{"start":{"line":121,"column":2},"end":{"line":121,"column":22}},"loc":{"start":{"line":121,"column":52},"end":{"line":121,"column":56}}},"1":{"name":"(anonymous_1)","decl":{"start":{"line":123,"column":2},"end":{"line":123,"column":7}},"loc":{"start":{"line":123,"column":19},"end":{"line":127,"column":3}}},"2":{"name":"(anonymous_2)","decl":{"start":{"line":129,"column":2},"end":{"line":129,"column":7}},"loc":{"start":{"line":129,"column":57},"end":{"line":153,"column":3}}},"3":{"name":"(anonymous_3)","decl":{"start":{"line":155,"column":10},"end":{"line":155,"column":15}},"loc":{"start":{"line":155,"column":42},"end":{"line":167,"column":3}}},"4":{"name":"(anonymous_4)","decl":{"start":{"line":169,"column":10},"end":{"line":169,"column":15}},"loc":{"start":{"line":169,"column":62},"end":{"line":188,"column":3}}},"5":{"name":"(anonymous_5)","decl":{"start":{"line":190,"column":10},"end":{"line":190,"column":15}},"loc":{"start":{"line":190,"column":64},"end":{"line":210,"column":3}}},"6":{"name":"(anonymous_6)","decl":{"start":{"line":212,"column":10},"end":{"line":212,"column":15}},"loc":{"start":{"line":212,"column":65},"end":{"line":225,"column":3}}},"7":{"name":"(anonymous_7)","decl":{"start":{"line":227,"column":10},"end":{"line":227,"column":15}},"loc":{"start":{"line":227,"column":60},"end":{"line":244,"column":3}}},"8":{"name":"(anonymous_8)","decl":{"start":{"line":246,"column":10},"end":{"line":246,"column":15}},"loc":{"start":{"line":246,"column":63},"end":{"line":264,"column":3}}},"9":{"name":"(anonymous_9)","decl":{"start":{"line":266,"column":10},"end":{"line":266,"column":15}},"loc":{"start":{"line":266,"column":66},"end":{"line":286,"column":3}}}},"branchMap":{"0":{"loc":{"start":{"line":131,"column":4},"end":{"line":133,"column":5}},"type":"if","locations":[{"start":{"line":131,"column":4},"end":{"line":133,"column":5}}]},"1":{"loc":{"start":{"line":135,"column":4},"end":{"line":152,"column":5}},"type":"switch","locations":[{"start":{"line":136,"column":6},"end":{"line":137,"column":49}},{"start":{"line":138,"column":6},"end":{"line":139,"column":47}},{"start":{"line":140,"column":6},"end":{"line":141,"column":49}},{"start":{"line":142,"column":6},"end":{"line":143,"column":50}},{"start":{"line":144,"column":6},"end":{"line":145,"column":45}},{"start":{"line":146,"column":6},"end":{"line":147,"column":48}},{"start":{"line":148,"column":6},"end":{"line":149,"column":51}},{"start":{"line":150,"column":6},"end":{"line":151,"column":59}}]},"2":{"loc":{"start":{"line":173,"column":4},"end":{"line":175,"column":5}},"type":"if","locations":[{"start":{"line":173,"column":4},"end":{"line":175,"column":5}}]},"3":{"loc":{"start":{"line":173,"column":8},"end":{"line":173,"column":95}},"type":"binary-expr","locations":[{"start":{"line":173,"column":8},"end":{"line":173,"column":19}},{"start":{"line":173,"column":23},"end":{"line":173,"column":95}}]},"4":{"loc":{"start":{"line":183,"column":106},"end":{"line":183,"column":130}},"type":"binary-expr","locations":[{"start":{"line":183,"column":106},"end":{"line":183,"column":117}},{"start":{"line":183,"column":121},"end":{"line":183,"column":130}}]},"5":{"loc":{"start":{"line":183,"column":148},"end":{"line":183,"column":169}},"type":"binary-expr","locations":[{"start":{"line":183,"column":148},"end":{"line":183,"column":159}},{"start":{"line":183,"column":163},"end":{"line":183,"column":169}}]},"6":{"loc":{"start":{"line":191,"column":19},"end":{"line":191,"column":34}},"type":"default-arg","locations":[{"start":{"line":191,"column":27},"end":{"line":191,"column":34}}]},"7":{"loc":{"start":{"line":191,"column":36},"end":{"line":191,"column":52}},"type":"default-arg","locations":[{"start":{"line":191,"column":50},"end":{"line":191,"column":52}}]},"8":{"loc":{"start":{"line":192,"column":27},"end":{"line":194,"column":10}},"type":"cond-expr","locations":[{"start":{"line":193,"column":8},"end":{"line":193,"column":72}},{"start":{"line":194,"column":8},"end":{"line":194,"column":10}}]},"9":{"loc":{"start":{"line":195,"column":22},"end":{"line":197,"column":52}},"type":"cond-expr","locations":[{"start":{"line":196,"column":8},"end":{"line":196,"column":65}},{"start":{"line":197,"column":8},"end":{"line":197,"column":52}}]},"10":{"loc":{"start":{"line":213,"column":19},"end":{"line":213,"column":34}},"type":"default-arg","locations":[{"start":{"line":213,"column":33},"end":{"line":213,"column":34}}]},"11":{"loc":{"start":{"line":228,"column":19},"end":{"line":228,"column":41}},"type":"default-arg","locations":[{"start":{"line":228,"column":34},"end":{"line":228,"column":41}}]},"12":{"loc":{"start":{"line":229,"column":18},"end":{"line":231,"column":66}},"type":"cond-expr","locations":[{"start":{"line":230,"column":8},"end":{"line":230,"column":84}},{"start":{"line":231,"column":8},"end":{"line":231,"column":66}}]},"13":{"loc":{"start":{"line":247,"column":31},"end":{"line":247,"column":55}},"type":"default-arg","locations":[{"start":{"line":247,"column":45},"end":{"line":247,"column":55}}]},"14":{"loc":{"start":{"line":248,"column":23},"end":{"line":248,"column":82}},"type":"cond-expr","locations":[{"start":{"line":248,"column":36},"end":{"line":248,"column":77}},{"start":{"line":248,"column":80},"end":{"line":248,"column":82}}]},"15":{"loc":{"start":{"line":249,"column":29},"end":{"line":251,"column":70}},"type":"cond-expr","locations":[{"start":{"line":250,"column":8},"end":{"line":250,"column":68}},{"start":{"line":251,"column":8},"end":{"line":251,"column":70}}]},"16":{"loc":{"start":{"line":267,"column":19},"end":{"line":267,"column":34}},"type":"default-arg","locations":[{"start":{"line":267,"column":32},"end":{"line":267,"column":34}}]},"17":{"loc":{"start":{"line":267,"column":36},"end":{"line":267,"column":56}},"type":"default-arg","locations":[{"start":{"line":267,"column":51},"end":{"line":267,"column":56}}]},"18":{"loc":{"start":{"line":268,"column":24},"end":{"line":270,"column":10}},"type":"cond-expr","locations":[{"start":{"line":269,"column":8},"end":{"line":269,"column":46}},{"start":{"line":270,"column":8},"end":{"line":270,"column":10}}]},"19":{"loc":{"start":{"line":271,"column":25},"end":{"line":273,"column":10}},"type":"cond-expr","locations":[{"start":{"line":272,"column":8},"end":{"line":272,"column":54}},{"start":{"line":273,"column":8},"end":{"line":273,"column":10}}]}},"s":{"0":0,"1":0,"2":0,"3":0,"4":0,"5":0,"6":0,"7":0,"8":0,"9":0,"10":0,"11":0,"12":0,"13":0,"14":0,"15":0,"16":0,"17":0,"18":0,"19":0,"20":0,"21":0,"22":0,"23":0,"24":0,"25":0,"26":0,"27":0,"28":0,"29":0,"30":0,"31":0,"32":0,"33":0,"34":0,"35":0,"36":0,"37":0},"f":{"0":0,"1":0,"2":0,"3":0,"4":0,"5":0,"6":0,"7":0,"8":0,"9":0},"b":{"0":[0],"1":[0,0,0,0,0,0,0,0],"2":[0],"3":[0,0],"4":[0,0],"5":[0,0],"6":[0],"7":[0],"8":[0,0],"9":[0,0],"10":[0],"11":[0],"12":[0,0],"13":[0],"14":[0,0],"15":[0,0],"16":[0],"17":[0],"18":[0,0],"19":[0,0]}}
,"/Users/brisklad/dev/astrum/mcp-servers/mcp-server-serper/src/services/serper-client.ts": {"path":"/Users/brisklad/dev/astrum/mcp-servers/mcp-server-serper/src/services/serper-client.ts","statementMap":{"0":{"start":{"line":32,"column":4},"end":{"line":32,"column":25}},"1":{"start":{"line":33,"column":4},"end":{"line":33,"column":27}},"2":{"start":{"line":44,"column":16},"end":{"line":44,"column":52}},"3":{"start":{"line":47,"column":4},"end":{"line":49,"column":5}},"4":{"start":{"line":48,"column":6},"end":{"line":48,"column":38}},"5":{"start":{"line":52,"column":4},"end":{"line":54,"column":5}},"6":{"start":{"line":53,"column":6},"end":{"line":53,"column":46}},"7":{"start":{"line":57,"column":4},"end":{"line":59,"column":5}},"8":{"start":{"line":58,"column":6},"end":{"line":58,"column":40}},"9":{"start":{"line":62,"column":4},"end":{"line":64,"column":5}},"10":{"start":{"line":63,"column":6},"end":{"line":63,"column":44}},"11":{"start":{"line":67,"column":4},"end":{"line":69,"column":5}},"12":{"start":{"line":68,"column":6},"end":{"line":68,"column":44}},"13":{"start":{"line":72,"column":4},"end":{"line":74,"column":5}},"14":{"start":{"line":73,"column":6},"end":{"line":73,"column":40}},"15":{"start":{"line":77,"column":4},"end":{"line":79,"column":5}},"16":{"start":{"line":78,"column":6},"end":{"line":78,"column":42}},"17":{"start":{"line":80,"column":4},"end":{"line":82,"column":5}},"18":{"start":{"line":81,"column":6},"end":{"line":81,"column":40}},"19":{"start":{"line":85,"column":4},"end":{"line":87,"column":5}},"20":{"start":{"line":86,"column":6},"end":{"line":86,"column":36}},"21":{"start":{"line":90,"column":4},"end":{"line":92,"column":5}},"22":{"start":{"line":91,"column":6},"end":{"line":91,"column":82}},"23":{"start":{"line":91,"column":53},"end":{"line":91,"column":71}},"24":{"start":{"line":95,"column":4},"end":{"line":97,"column":5}},"25":{"start":{"line":96,"column":6},"end":{"line":96,"column":82}},"26":{"start":{"line":96,"column":53},"end":{"line":96,"column":64}},"27":{"start":{"line":99,"column":4},"end":{"line":99,"column":24}},"28":{"start":{"line":103,"column":4},"end":{"line":134,"column":5}},"29":{"start":{"line":105,"column":33},"end":{"line":105,"column":64}},"30":{"start":{"line":108,"column":29},"end":{"line":111,"column":8}},"31":{"start":{"line":113,"column":23},"end":{"line":120,"column":8}},"32":{"start":{"line":122,"column":6},"end":{"line":127,"column":7}},"33":{"start":{"line":123,"column":26},"end":{"line":123,"column":47}},"34":{"start":{"line":124,"column":8},"end":{"line":126,"column":10}},"35":{"start":{"line":129,"column":20},"end":{"line":129,"column":41}},"36":{"start":{"line":130,"column":6},"end":{"line":130,"column":18}},"37":{"start":{"line":132,"column":6},"end":{"line":132,"column":52}},"38":{"start":{"line":133,"column":6},"end":{"line":133,"column":18}},"39":{"start":{"line":144,"column":4},"end":{"line":146,"column":5}},"40":{"start":{"line":145,"column":6},"end":{"line":145,"column":54}},"41":{"start":{"line":147,"column":4},"end":{"line":168,"column":5}},"42":{"start":{"line":148,"column":23},"end":{"line":156,"column":8}},"43":{"start":{"line":157,"column":6},"end":{"line":162,"column":7}},"44":{"start":{"line":158,"column":26},"end":{"line":158,"column":47}},"45":{"start":{"line":159,"column":8},"end":{"line":161,"column":10}},"46":{"start":{"line":163,"column":22},"end":{"line":163,"column":43}},"47":{"start":{"line":164,"column":6},"end":{"line":164,"column":20}},"48":{"start":{"line":166,"column":6},"end":{"line":166,"column":27}},"49":{"start":{"line":167,"column":6},"end":{"line":167,"column":18}}},"fnMap":{"0":{"name":"(anonymous_0)","decl":{"start":{"line":31,"column":2},"end":{"line":31,"column":14}},"loc":{"start":{"line":31,"column":75},"end":{"line":34,"column":3}}},"1":{"name":"(anonymous_1)","decl":{"start":{"line":42,"column":10},"end":{"line":42,"column":28}},"loc":{"start":{"line":42,"column":50},"end":{"line":100,"column":3}}},"2":{"name":"(anonymous_2)","decl":{"start":{"line":91,"column":45},"end":{"line":91,"column":49}},"loc":{"start":{"line":91,"column":53},"end":{"line":91,"column":71}}},"3":{"name":"(anonymous_3)","decl":{"start":{"line":96,"column":45},"end":{"line":96,"column":49}},"loc":{"start":{"line":96,"column":53},"end":{"line":96,"column":64}}},"4":{"name":"(anonymous_4)","decl":{"start":{"line":102,"column":2},"end":{"line":102,"column":7}},"loc":{"start":{"line":102,"column":36},"end":{"line":135,"column":3}}},"5":{"name":"(anonymous_5)","decl":{"start":{"line":143,"column":2},"end":{"line":143,"column":7}},"loc":{"start":{"line":143,"column":36},"end":{"line":169,"column":3}}}},"branchMap":{"0":{"loc":{"start":{"line":31,"column":30},"end":{"line":31,"column":75}},"type":"default-arg","locations":[{"start":{"line":31,"column":48},"end":{"line":31,"column":75}}]},"1":{"loc":{"start":{"line":47,"column":4},"end":{"line":49,"column":5}},"type":"if","locations":[{"start":{"line":47,"column":4},"end":{"line":49,"column":5}}]},"2":{"loc":{"start":{"line":52,"column":4},"end":{"line":54,"column":5}},"type":"if","locations":[{"start":{"line":52,"column":4},"end":{"line":54,"column":5}}]},"3":{"loc":{"start":{"line":57,"column":4},"end":{"line":59,"column":5}},"type":"if","locations":[{"start":{"line":57,"column":4},"end":{"line":59,"column":5}}]},"4":{"loc":{"start":{"line":62,"column":4},"end":{"line":64,"column":5}},"type":"if","locations":[{"start":{"line":62,"column":4},"end":{"line":64,"column":5}}]},"5":{"loc":{"start":{"line":67,"column":4},"end":{"line":69,"column":5}},"type":"if","locations":[{"start":{"line":67,"column":4},"end":{"line":69,"column":5}}]},"6":{"loc":{"start":{"line":72,"column":4},"end":{"line":74,"column":5}},"type":"if","locations":[{"start":{"line":72,"column":4},"end":{"line":74,"column":5}}]},"7":{"loc":{"start":{"line":77,"column":4},"end":{"line":79,"column":5}},"type":"if","locations":[{"start":{"line":77,"column":4},"end":{"line":79,"column":5}}]},"8":{"loc":{"start":{"line":80,"column":4},"end":{"line":82,"column":5}},"type":"if","locations":[{"start":{"line":80,"column":4},"end":{"line":82,"column":5}}]},"9":{"loc":{"start":{"line":85,"column":4},"end":{"line":87,"column":5}},"type":"if","locations":[{"start":{"line":85,"column":4},"end":{"line":87,"column":5}}]},"10":{"loc":{"start":{"line":90,"column":4},"end":{"line":92,"column":5}},"type":"if","locations":[{"start":{"line":90,"column":4},"end":{"line":92,"column":5}}]},"11":{"loc":{"start":{"line":95,"column":4},"end":{"line":97,"column":5}},"type":"if","locations":[{"start":{"line":95,"column":4},"end":{"line":97,"column":5}}]},"12":{"loc":{"start":{"line":122,"column":6},"end":{"line":127,"column":7}},"type":"if","locations":[{"start":{"line":122,"column":6},"end":{"line":127,"column":7}}]},"13":{"loc":{"start":{"line":144,"column":4},"end":{"line":146,"column":5}},"type":"if","locations":[{"start":{"line":144,"column":4},"end":{"line":146,"column":5}}]},"14":{"loc":{"start":{"line":157,"column":6},"end":{"line":162,"column":7}},"type":"if","locations":[{"start":{"line":157,"column":6},"end":{"line":162,"column":7}}]}},"s":{"0":19,"1":19,"2":22,"3":22,"4":7,"5":22,"6":2,"7":22,"8":1,"9":22,"10":1,"11":22,"12":0,"13":22,"14":0,"15":22,"16":2,"17":22,"18":2,"19":22,"20":1,"21":22,"22":2,"23":3,"24":22,"25":2,"26":4,"27":22,"28":6,"29":6,"30":6,"31":6,"32":5,"33":2,"34":2,"35":3,"36":3,"37":3,"38":3,"39":2,"40":0,"41":2,"42":2,"43":2,"44":1,"45":1,"46":1,"47":1,"48":1,"49":1},"f":{"0":19,"1":22,"2":3,"3":4,"4":6,"5":2},"b":{"0":[18],"1":[7],"2":[2],"3":[1],"4":[1],"5":[0],"6":[0],"7":[2],"8":[2],"9":[1],"10":[2],"11":[2],"12":[2],"13":[0],"14":[1]}}
,"/Users/brisklad/dev/astrum/mcp-servers/mcp-server-serper/src/tools/search-tool.ts": {"path":"/Users/brisklad/dev/astrum/mcp-servers/mcp-server-serper/src/tools/search-tool.ts","statementMap":{"0":{"start":{"line":20,"column":4},"end":{"line":20,"column":31}},"1":{"start":{"line":31,"column":4},"end":{"line":38,"column":5}},"2":{"start":{"line":32,"column":21},"end":{"line":32,"column":59}},"3":{"start":{"line":33,"column":6},"end":{"line":33,"column":20}},"4":{"start":{"line":35,"column":6},"end":{"line":37,"column":8}},"5":{"start":{"line":47,"column":4},"end":{"line":52,"column":5}},"6":{"start":{"line":48,"column":21},"end":{"line":48,"column":59}},"7":{"start":{"line":49,"column":6},"end":{"line":49,"column":20}},"8":{"start":{"line":51,"column":6},"end":{"line":51,"column":64}}},"fnMap":{"0":{"name":"(anonymous_0)","decl":{"start":{"line":19,"column":2},"end":{"line":19,"column":14}},"loc":{"start":{"line":19,"column":35},"end":{"line":21,"column":3}}},"1":{"name":"(anonymous_1)","decl":{"start":{"line":30,"column":2},"end":{"line":30,"column":7}},"loc":{"start":{"line":30,"column":36},"end":{"line":39,"column":3}}},"2":{"name":"(anonymous_2)","decl":{"start":{"line":46,"column":2},"end":{"line":46,"column":7}},"loc":{"start":{"line":46,"column":36},"end":{"line":53,"column":3}}}},"branchMap":{},"s":{"0":0,"1":0,"2":0,"3":0,"4":0,"5":0,"6":0,"7":0,"8":0},"f":{"0":0,"1":0,"2":0},"b":{}}
}
