TN:
SF:src/index.ts
FN:48,(anonymous_0)
FN:171,(anonymous_1)
FN:264,(anonymous_2)
FN:269,(anonymous_3)
FN:276,main
FN:281,(anonymous_5)
FNF:6
FNH:0
FNDA:0,(anonymous_0)
FNDA:0,(anonymous_1)
FNDA:0,(anonymous_2)
FNDA:0,(anonymous_3)
FNDA:0,main
FNDA:0,(anonymous_5)
DA:20,0
DA:21,0
DA:22,0
DA:26,0
DA:27,0
DA:28,0
DA:31,0
DA:48,0
DA:50,0
DA:135,0
DA:171,0
DA:172,0
DA:195,0
DA:197,0
DA:198,0
DA:204,0
DA:205,0
DA:207,0
DA:208,0
DA:230,0
DA:239,0
DA:244,0
DA:245,0
DA:247,0
DA:248,0
DA:259,0
DA:264,0
DA:265,0
DA:269,0
DA:270,0
DA:277,0
DA:278,0
DA:281,0
DA:282,0
DA:283,0
LF:35
LH:0
BRDA:21,0,0,0
BRDA:172,1,0,0
BRDA:172,1,1,0
BRDA:172,1,2,0
BRDA:195,2,0,0
BRDA:195,2,1,0
BRDA:197,3,0,0
BRDA:204,4,0,0
BRDA:204,4,1,0
BRDA:205,5,0,0
BRDA:205,5,1,0
BRDA:270,6,0,0
BRDA:270,6,1,0
BRF:13
BRH:0
end_of_record
TN:
SF:src/prompts/google-operators-guide.ts
FNF:0
FNH:0
DA:1,0
DA:195,0
DA:254,0
LF:3
LH:0
BRF:0
BRH:0
end_of_record
TN:
SF:src/prompts/index.ts
FN:121,(anonymous_0)
FN:123,(anonymous_1)
FN:129,(anonymous_2)
FN:155,(anonymous_3)
FN:169,(anonymous_4)
FN:190,(anonymous_5)
FN:212,(anonymous_6)
FN:227,(anonymous_7)
FN:246,(anonymous_8)
FN:266,(anonymous_9)
FNF:10
FNH:0
FNDA:0,(anonymous_0)
FNDA:0,(anonymous_1)
FNDA:0,(anonymous_2)
FNDA:0,(anonymous_3)
FNDA:0,(anonymous_4)
FNDA:0,(anonymous_5)
FNDA:0,(anonymous_6)
FNDA:0,(anonymous_7)
FNDA:0,(anonymous_8)
FNDA:0,(anonymous_9)
DA:17,0
DA:121,0
DA:124,0
DA:130,0
DA:131,0
DA:132,0
DA:135,0
DA:137,0
DA:139,0
DA:141,0
DA:143,0
DA:145,0
DA:147,0
DA:149,0
DA:151,0
DA:156,0
DA:170,0
DA:172,0
DA:173,0
DA:174,0
DA:177,0
DA:191,0
DA:192,0
DA:195,0
DA:199,0
DA:213,0
DA:214,0
DA:228,0
DA:229,0
DA:233,0
DA:247,0
DA:248,0
DA:249,0
DA:253,0
DA:267,0
DA:268,0
DA:271,0
DA:275,0
LF:38
LH:0
BRDA:131,0,0,0
BRDA:135,1,0,0
BRDA:135,1,1,0
BRDA:135,1,2,0
BRDA:135,1,3,0
BRDA:135,1,4,0
BRDA:135,1,5,0
BRDA:135,1,6,0
BRDA:135,1,7,0
BRDA:173,2,0,0
BRDA:173,3,0,0
BRDA:173,3,1,0
BRDA:183,4,0,0
BRDA:183,4,1,0
BRDA:183,5,0,0
BRDA:183,5,1,0
BRDA:191,6,0,0
BRDA:191,7,0,0
BRDA:192,8,0,0
BRDA:192,8,1,0
BRDA:195,9,0,0
BRDA:195,9,1,0
BRDA:213,10,0,0
BRDA:228,11,0,0
BRDA:229,12,0,0
BRDA:229,12,1,0
BRDA:247,13,0,0
BRDA:248,14,0,0
BRDA:248,14,1,0
BRDA:249,15,0,0
BRDA:249,15,1,0
BRDA:267,16,0,0
BRDA:267,17,0,0
BRDA:268,18,0,0
BRDA:268,18,1,0
BRDA:271,19,0,0
BRDA:271,19,1,0
BRF:37
BRH:0
end_of_record
TN:
SF:src/services/serper-client.ts
FN:31,(anonymous_0)
FN:42,(anonymous_1)
FN:91,(anonymous_2)
FN:96,(anonymous_3)
FN:102,(anonymous_4)
FN:143,(anonymous_5)
FNF:6
FNH:6
FNDA:19,(anonymous_0)
FNDA:22,(anonymous_1)
FNDA:3,(anonymous_2)
FNDA:4,(anonymous_3)
FNDA:6,(anonymous_4)
FNDA:2,(anonymous_5)
DA:32,19
DA:33,19
DA:44,22
DA:47,22
DA:48,7
DA:52,22
DA:53,2
DA:57,22
DA:58,1
DA:62,22
DA:63,1
DA:67,22
DA:68,0
DA:72,22
DA:73,0
DA:77,22
DA:78,2
DA:80,22
DA:81,2
DA:85,22
DA:86,1
DA:90,22
DA:91,3
DA:95,22
DA:96,4
DA:99,22
DA:103,6
DA:105,6
DA:108,6
DA:113,6
DA:122,5
DA:123,2
DA:124,2
DA:129,3
DA:130,3
DA:132,3
DA:133,3
DA:144,2
DA:145,0
DA:147,2
DA:148,2
DA:157,2
DA:158,1
DA:159,1
DA:163,1
DA:164,1
DA:166,1
DA:167,1
LF:48
LH:45
BRDA:31,0,0,18
BRDA:47,1,0,7
BRDA:52,2,0,2
BRDA:57,3,0,1
BRDA:62,4,0,1
BRDA:67,5,0,0
BRDA:72,6,0,0
BRDA:77,7,0,2
BRDA:80,8,0,2
BRDA:85,9,0,1
BRDA:90,10,0,2
BRDA:95,11,0,2
BRDA:122,12,0,2
BRDA:144,13,0,0
BRDA:157,14,0,1
BRF:15
BRH:12
end_of_record
TN:
SF:src/tools/search-tool.ts
FN:19,(anonymous_0)
FN:30,(anonymous_1)
FN:46,(anonymous_2)
FNF:3
FNH:0
FNDA:0,(anonymous_0)
FNDA:0,(anonymous_1)
FNDA:0,(anonymous_2)
DA:20,0
DA:31,0
DA:32,0
DA:33,0
DA:35,0
DA:47,0
DA:48,0
DA:49,0
DA:51,0
LF:9
LH:0
BRF:0
BRH:0
end_of_record
